<html>
<head>
<title>TestNG:  Test</title>
<link href="../testng.css" rel="stylesheet" type="text/css" />
<link href="../my-testng.css" rel="stylesheet" type="text/css" />

<style type="text/css">
.log { display: none;} 
.stack-trace { display: none;} 
</style>
<script type="text/javascript">
<!--
function flip(e) {
  current = e.style.display;
  if (current == 'block') {
    e.style.display = 'none';
    return 0;
  }
  else {
    e.style.display = 'block';
    return 1;
  }
}

function toggleBox(szDivId, elem, msg1, msg2)
{
  var res = -1;  if (document.getElementById) {
    res = flip(document.getElementById(szDivId));
  }
  else if (document.all) {
    // this is the way old msie versions work
    res = flip(document.all[szDivId]);
  }
  if(elem) {
    if(res == 0) elem.innerHTML = msg1; else elem.innerHTML = msg2;
  }

}

function toggleAllBoxes() {
  if (document.getElementsByTagName) {
    d = document.getElementsByTagName('div');
    for (i = 0; i < d.length; i++) {
      if (d[i].className == 'log') {
        flip(d[i]);
      }
    }
  }
}

// -->
</script>

</head>
<body>
<h2 align='center'>Test</h2><table border='1' align="center">
<tr>
<td>Tests passed/Failed/Skipped:</td><td>13/1/0</td>
</tr><tr>
<td>Started on:</td><td>Sat Jan 18 20:31:52 PST 2025</td>
</tr>
<tr><td>Total time:</td><td>127 seconds (127308 ms)</td>
</tr><tr>
<td>Included groups:</td><td></td>
</tr><tr>
<td>Excluded groups:</td><td></td>
</tr>
</table><p/>
<small><i>(Hover the method name to see the test class name)</i></small><p/>
<table width='100%' border='1' class='invocation-failed'>
<tr><td colspan='4' align='center'><b>FAILED TESTS</b></td></tr>
<tr><td><b>Test method</b></td>
<td><b>Attribute(s)</b></td>
<td width="30%"><b>Exception</b></td>
<td width="10%"><b>Time (seconds)</b></td>
<td><b>Instance</b></td>
</tr>
<tr>
<td title='testCases.user.CT003_LoginDDT.verify_loginDDT()'><b>verify_loginDDT</b><br>Test class: testCases.user.CT003_LoginDDT<br>Parameters: abc123@gmail.com, test@123, Valid</td>
<td><div><pre>java.lang.AssertionError: expected [true] but found [false]
	at testCases.user.CT003_LoginDDT.verify_loginDDT(CT003_LoginDDT.java:47)
	at java.base/java.util.ArrayList.forEach(ArrayList.java:1597)
... Removed 29 stack frames</pre></div><a href='#' onClick='toggleBox("stack-trace1032382137", this, "Click to show all stack frames", "Click to hide stack frames")'>Click to show all stack frames</a>
<div class='stack-trace' id='stack-trace1032382137'><pre>java.lang.AssertionError: expected [true] but found [false]
	at org.testng.Assert.fail(Assert.java:111)
	at org.testng.Assert.failNotEquals(Assert.java:1578)
	at org.testng.Assert.assertTrue(Assert.java:57)
	at org.testng.Assert.assertTrue(Assert.java:67)
	at testCases.user.CT003_LoginDDT.verify_loginDDT(CT003_LoginDDT.java:47)
	at java.base/jdk.internal.reflect.DirectMethodHandleAccessor.invoke(DirectMethodHandleAccessor.java:103)
	at java.base/java.lang.reflect.Method.invoke(Method.java:580)
	at org.testng.internal.invokers.MethodInvocationHelper.invokeMethod(MethodInvocationHelper.java:141)
	at org.testng.internal.invokers.TestInvoker.invokeMethod(TestInvoker.java:686)
	at org.testng.internal.invokers.TestInvoker.invokeTestMethod(TestInvoker.java:230)
	at org.testng.internal.invokers.MethodRunner.runInSequence(MethodRunner.java:63)
	at org.testng.internal.invokers.TestInvoker$MethodInvocationAgent.invoke(TestInvoker.java:992)
	at org.testng.internal.invokers.TestInvoker.invokeTestMethods(TestInvoker.java:203)
	at org.testng.internal.invokers.TestMethodWorker.invokeTestMethods(TestMethodWorker.java:154)
	at org.testng.internal.invokers.TestMethodWorker.run(TestMethodWorker.java:134)
	at java.base/java.util.ArrayList.forEach(ArrayList.java:1597)
	at org.testng.TestRunner.privateRun(TestRunner.java:739)
	at org.testng.TestRunner.run(TestRunner.java:614)
	at org.testng.SuiteRunner.runTest(SuiteRunner.java:421)
	at org.testng.SuiteRunner.runSequentially(SuiteRunner.java:413)
	at org.testng.SuiteRunner.privateRun(SuiteRunner.java:373)
	at org.testng.SuiteRunner.run(SuiteRunner.java:312)
	at org.testng.SuiteRunnerWorker.runSuite(SuiteRunnerWorker.java:52)
	at org.testng.SuiteRunnerWorker.run(SuiteRunnerWorker.java:95)
	at org.testng.TestNG.runSuitesSequentially(TestNG.java:1274)
	at org.testng.TestNG.runSuitesLocally(TestNG.java:1208)
	at org.testng.TestNG.runSuites(TestNG.java:1112)
	at org.testng.TestNG.run(TestNG.java:1079)
	at org.testng.remote.AbstractRemoteTestNG.run(AbstractRemoteTestNG.java:115)
	at org.testng.remote.RemoteTestNG.initAndRun(RemoteTestNG.java:293)
	at org.testng.remote.RemoteTestNG.main(RemoteTestNG.java:91)
</pre></div></td>
<td>11</td>
<td>testCases.user.CT003_LoginDDT@22d7b4f8</td></tr>
</table><p>
<table width='100%' border='1' class='invocation-passed'>
<tr><td colspan='4' align='center'><b>PASSED TESTS</b></td></tr>
<tr><td><b>Test method</b></td>
<td><b>Attribute(s)</b></td>
<td width="30%"><b>Exception</b></td>
<td width="10%"><b>Time (seconds)</b></td>
<td><b>Instance</b></td>
</tr>
<tr>
<td title='testCases.checkout.TC_CO_001NavigatingToCheckoutWithNoProductsInCart.NavigatingToCheckoutWithNoProductsInCart()'><b>NavigatingToCheckoutWithNoProductsInCart</b><br>Test class: testCases.checkout.TC_CO_001NavigatingToCheckoutWithNoProductsInCart<br>Test method: Validate navigating to Checkout page when there are no products added to the Shopping Cart</td>
<td></td>
<td>0</td>
<td>testCases.checkout.TC_CO_001NavigatingToCheckoutWithNoProductsInCart@691939c9</td></tr>
<tr>
<td title='testCases.user.CT003_LoginDDT.verify_loginDDT()'><b>verify_loginDDT</b><br>Test class: testCases.user.CT003_LoginDDT<br>Parameters: liu@gmail.com, l4222, Invalid</td>
<td></td>
<td>10</td>
<td>testCases.user.CT003_LoginDDT@22d7b4f8</td></tr>
<tr>
<td title='testCases.user.CT007_ForgottenPasswordEmailIsSent.EmailIsSentResetingPassword()'><b>EmailIsSentResetingPassword</b><br>Test class: testCases.user.CT007_ForgottenPasswordEmailIsSent<br>Test method: Validate an email is sent with the proper details on resetting the password</td>
<td></td>
<td>3</td>
<td>testCases.user.CT007_ForgottenPasswordEmailIsSent@33fe57a9</td></tr>
<tr>
<td title='testCases.user.CT003_LoginDDT.verify_loginDDT()'><b>verify_loginDDT</b><br>Test class: testCases.user.CT003_LoginDDT<br>Parameters: liut44194@gmail.com, test@123, Valid</td>
<td></td>
<td>1</td>
<td>testCases.user.CT003_LoginDDT@22d7b4f8</td></tr>
<tr>
<td title='testCases.user.CT003_LoginDDT.verify_loginDDT()'><b>verify_loginDDT</b><br>Test class: testCases.user.CT003_LoginDDT<br>Parameters: wew@yahoo.com, wewq@123, Invalid</td>
<td></td>
<td>11</td>
<td>testCases.user.CT003_LoginDDT@22d7b4f8</td></tr>
<tr>
<td title='testCases.cart.TC_ATC_001_AddProductToCartFromProductPage.AddProductToCartFromProductPage()'><b>AddProductToCartFromProductPage</b><br>Test class: testCases.cart.TC_ATC_001_AddProductToCartFromProductPage<br>Test method: Validate adding the product to Cart from 'Product Display' Page</td>
<td></td>
<td>2</td>
<td>testCases.cart.TC_ATC_001_AddProductToCartFromProductPage@e19bb76</td></tr>
<tr>
<td title='testCases.user.CT001_AccountRegistrationTest.testRegistration()'><b>testRegistration</b><br>Test class: testCases.user.CT001_AccountRegistrationTest<br>Test method: Veryfied registration with correct email and password</td>
<td></td>
<td>4</td>
<td>testCases.user.CT001_AccountRegistrationTest@6dee4f1b</td></tr>
<tr>
<td title='testCases.user.CT006_LogOutTest.LogOutFromMyAccount()'><b>LogOutFromMyAccount</b><br>Test class: testCases.user.CT006_LogOutTest<br>Test method: Validate Logging out by selecting Logout option from 'My Account' dropmenu</td>
<td></td>
<td>2</td>
<td>testCases.user.CT006_LogOutTest@2c1156a7</td></tr>
<tr>
<td title='testCases.user.CT002_LoginTest.testLogin()'><b>testLogin</b><br>Test class: testCases.user.CT002_LoginTest</td>
<td></td>
<td>1</td>
<td>testCases.user.CT002_LoginTest@1941a8ff</td></tr>
<tr>
<td title='testCases.user.CT005_LoginWithInvalidCredentials.LoginWithInvalidCredentials()'><b>LoginWithInvalidCredentials</b><br>Test class: testCases.user.CT005_LoginWithInvalidCredentials<br>Test method: Validate login into the Application using invalid credentials</td>
<td></td>
<td>1</td>
<td>testCases.user.CT005_LoginWithInvalidCredentials@38831718</td></tr>
<tr>
<td title='testCases.user.CT004_DifferentWayNavigateToRegistrationPage.NavigateToRegistrationPage()'><b>NavigateToRegistrationPage</b><br>Test class: testCases.user.CT004_DifferentWayNavigateToRegistrationPage<br>Test method: Verify user can navigate to the registration page from multiple paths</td>
<td></td>
<td>2</td>
<td>testCases.user.CT004_DifferentWayNavigateToRegistrationPage@149dd36b</td></tr>
<tr>
<td title='testCases.product.TC_SF_001_SearchingExistingProductName.SearchingExistingProduct()'><b>SearchingExistingProduct</b><br>Test class: testCases.product.TC_SF_001_SearchingExistingProductName<br>Test method: Validate searching with an existing Product Name</td>
<td></td>
<td>0</td>
<td>testCases.product.TC_SF_001_SearchingExistingProductName@4982cc36</td></tr>
<tr>
<td title='testCases.order.TC_OH_007_ValidateContinueButtonInOrderHistory.ValidateContinueButtonInOrderHistory()'><b>ValidateContinueButtonInOrderHistory</b><br>Test class: testCases.order.TC_OH_007_ValidateContinueButtonInOrderHistory<br>Test method: Validate Continue button in the 'Order History' page</td>
<td></td>
<td>2</td>
<td>testCases.order.TC_OH_007_ValidateContinueButtonInOrderHistory@4f1bfe23</td></tr>
</table><p>
</body>
</html>