<?xml version="1.0" encoding="UTF-8"?>
<!-- Generated by org.testng.reporters.JUnitXMLReporter -->
<testsuite ignored="0" hostname="liut44194" failures="1" tests="14" name="Test" time="127.308" errors="0" timestamp="2025-01-18T20:34:00 PST">
  <testcase classname="testCases.user.CT001_AccountRegistrationTest" name="testRegistration" time="4.66"/>
  <testcase classname="testCases.user.CT002_LoginTest" name="testLogin" time="1.827"/>
  <testcase classname="testCases.user.CT003_LoginDDT" name="verify_loginDDT" time="1.604"/>
  <testcase classname="testCases.user.CT003_LoginDDT" name="verify_loginDDT" time="10.918"/>
  <testcase classname="testCases.user.CT003_LoginDDT" name="verify_loginDDT" time="11.207"/>
  <testcase classname="testCases.user.CT003_LoginDDT" name="verify_loginDDT" time="11.148">
    <failure type="java.lang.AssertionError" message="expected [true] but found [false]">
      <![CDATA[java.lang.AssertionError: expected [true] but found [false]
at testCases.user.CT003_LoginDDT.verify_loginDDT(CT003_LoginDDT.java:47)
at java.base/java.util.ArrayList.forEach(ArrayList.java:1597)
... Removed 29 stack frames]]>
    </failure>
  </testcase> <!-- verify_loginDDT -->
  <testcase classname="testCases.user.CT004_DifferentWayNavigateToRegistrationPage" name="NavigateToRegistrationPage" time="2.354"/>
  <testcase classname="testCases.user.CT005_LoginWithInvalidCredentials" name="LoginWithInvalidCredentials" time="1.65"/>
  <testcase classname="testCases.user.CT006_LogOutTest" name="LogOutFromMyAccount" time="2.461"/>
  <testcase classname="testCases.user.CT007_ForgottenPasswordEmailIsSent" name="EmailIsSentResetingPassword" time="3.917"/>
  <testcase classname="testCases.product.TC_SF_001_SearchingExistingProductName" name="SearchingExistingProduct" time="0.742"/>
  <testcase classname="testCases.checkout.TC_CO_001NavigatingToCheckoutWithNoProductsInCart" name="NavigatingToCheckoutWithNoProductsInCart" time="0.521"/>
  <testcase classname="testCases.order.TC_OH_007_ValidateContinueButtonInOrderHistory" name="ValidateContinueButtonInOrderHistory" time="2.334"/>
  <testcase classname="testCases.cart.TC_ATC_001_AddProductToCartFromProductPage" name="AddProductToCartFromProductPage" time="2.191"/>
</testsuite> <!-- Test -->
