<?xml version="1.0" encoding="UTF-8"?>
<testng-results ignored="0" total="14" passed="13" failed="1" skipped="0">
  <reporter-output>
  </reporter-output>
  <suite started-at="2025-01-18T20:31:52 PST" name="Suite" finished-at="2025-01-18T20:33:59 PST" duration-ms="127308">
    <groups>
      <group name="Master">
        <method signature="TC_ATC_001_AddProductToCartFromProductPage.AddProductToCartFromProductPage()[pri:0, instance:testCases.cart.TC_ATC_001_AddProductToCartFromProductPage@e19bb76]" name="AddProductToCartFromProductPage" class="testCases.cart.TC_ATC_001_AddProductToCartFromProductPage"/>
        <method signature="TC_CO_001NavigatingToCheckoutWithNoProductsInCart.NavigatingToCheckoutWithNoProductsInCart()[pri:0, instance:testCases.checkout.TC_CO_001NavigatingToCheckoutWithNoProductsInCart@691939c9]" name="NavigatingToCheckoutWithNoProductsInCart" class="testCases.checkout.TC_CO_001NavigatingToCheckoutWithNoProductsInCart"/>
        <method signature="TC_OH_007_ValidateContinueButtonInOrderHistory.ValidateContinueButtonInOrderHistory()[pri:0, instance:testCases.order.TC_OH_007_ValidateContinueButtonInOrderHistory@4f1bfe23]" name="ValidateContinueButtonInOrderHistory" class="testCases.order.TC_OH_007_ValidateContinueButtonInOrderHistory"/>
        <method signature="TC_SF_001_SearchingExistingProductName.SearchingExistingProduct()[pri:0, instance:testCases.product.TC_SF_001_SearchingExistingProductName@4982cc36]" name="SearchingExistingProduct" class="testCases.product.TC_SF_001_SearchingExistingProductName"/>
        <method signature="CT001_AccountRegistrationTest.testRegistration()[pri:0, instance:testCases.user.CT001_AccountRegistrationTest@6dee4f1b]" name="testRegistration" class="testCases.user.CT001_AccountRegistrationTest"/>
        <method signature="CT002_LoginTest.testLogin()[pri:0, instance:testCases.user.CT002_LoginTest@1941a8ff]" name="testLogin" class="testCases.user.CT002_LoginTest"/>
        <method signature="CT004_DifferentWayNavigateToRegistrationPage.NavigateToRegistrationPage()[pri:0, instance:testCases.user.CT004_DifferentWayNavigateToRegistrationPage@149dd36b]" name="NavigateToRegistrationPage" class="testCases.user.CT004_DifferentWayNavigateToRegistrationPage"/>
        <method signature="CT005_LoginWithInvalidCredentials.LoginWithInvalidCredentials()[pri:0, instance:testCases.user.CT005_LoginWithInvalidCredentials@38831718]" name="LoginWithInvalidCredentials" class="testCases.user.CT005_LoginWithInvalidCredentials"/>
        <method signature="CT006_LogOutTest.LogOutFromMyAccount()[pri:0, instance:testCases.user.CT006_LogOutTest@2c1156a7]" name="LogOutFromMyAccount" class="testCases.user.CT006_LogOutTest"/>
        <method signature="CT007_ForgottenPasswordEmailIsSent.EmailIsSentResetingPassword()[pri:0, instance:testCases.user.CT007_ForgottenPasswordEmailIsSent@33fe57a9]" name="EmailIsSentResetingPassword" class="testCases.user.CT007_ForgottenPasswordEmailIsSent"/>
      </group> <!-- Master -->
      <group name="Sanity">
        <method signature="CT002_LoginTest.testLogin()[pri:0, instance:testCases.user.CT002_LoginTest@1941a8ff]" name="testLogin" class="testCases.user.CT002_LoginTest"/>
        <method signature="CT004_DifferentWayNavigateToRegistrationPage.NavigateToRegistrationPage()[pri:0, instance:testCases.user.CT004_DifferentWayNavigateToRegistrationPage@149dd36b]" name="NavigateToRegistrationPage" class="testCases.user.CT004_DifferentWayNavigateToRegistrationPage"/>
      </group> <!-- Sanity -->
      <group name="DataDriven">
        <method signature="CT003_LoginDDT.verify_loginDDT(java.lang.String,java.lang.String,java.lang.String)[pri:0, instance:testCases.user.CT003_LoginDDT@22d7b4f8]" name="verify_loginDDT" class="testCases.user.CT003_LoginDDT"/>
      </group> <!-- DataDriven -->
      <group name="Regression">
        <method signature="TC_ATC_001_AddProductToCartFromProductPage.AddProductToCartFromProductPage()[pri:0, instance:testCases.cart.TC_ATC_001_AddProductToCartFromProductPage@e19bb76]" name="AddProductToCartFromProductPage" class="testCases.cart.TC_ATC_001_AddProductToCartFromProductPage"/>
        <method signature="TC_CO_001NavigatingToCheckoutWithNoProductsInCart.NavigatingToCheckoutWithNoProductsInCart()[pri:0, instance:testCases.checkout.TC_CO_001NavigatingToCheckoutWithNoProductsInCart@691939c9]" name="NavigatingToCheckoutWithNoProductsInCart" class="testCases.checkout.TC_CO_001NavigatingToCheckoutWithNoProductsInCart"/>
        <method signature="TC_OH_007_ValidateContinueButtonInOrderHistory.ValidateContinueButtonInOrderHistory()[pri:0, instance:testCases.order.TC_OH_007_ValidateContinueButtonInOrderHistory@4f1bfe23]" name="ValidateContinueButtonInOrderHistory" class="testCases.order.TC_OH_007_ValidateContinueButtonInOrderHistory"/>
        <method signature="TC_SF_001_SearchingExistingProductName.SearchingExistingProduct()[pri:0, instance:testCases.product.TC_SF_001_SearchingExistingProductName@4982cc36]" name="SearchingExistingProduct" class="testCases.product.TC_SF_001_SearchingExistingProductName"/>
        <method signature="CT001_AccountRegistrationTest.testRegistration()[pri:0, instance:testCases.user.CT001_AccountRegistrationTest@6dee4f1b]" name="testRegistration" class="testCases.user.CT001_AccountRegistrationTest"/>
        <method signature="CT005_LoginWithInvalidCredentials.LoginWithInvalidCredentials()[pri:0, instance:testCases.user.CT005_LoginWithInvalidCredentials@38831718]" name="LoginWithInvalidCredentials" class="testCases.user.CT005_LoginWithInvalidCredentials"/>
        <method signature="CT006_LogOutTest.LogOutFromMyAccount()[pri:0, instance:testCases.user.CT006_LogOutTest@2c1156a7]" name="LogOutFromMyAccount" class="testCases.user.CT006_LogOutTest"/>
        <method signature="CT007_ForgottenPasswordEmailIsSent.EmailIsSentResetingPassword()[pri:0, instance:testCases.user.CT007_ForgottenPasswordEmailIsSent@33fe57a9]" name="EmailIsSentResetingPassword" class="testCases.user.CT007_ForgottenPasswordEmailIsSent"/>
      </group> <!-- Regression -->
    </groups>
    <test started-at="2025-01-18T20:31:52 PST" name="Test" finished-at="2025-01-18T20:33:59 PST" duration-ms="127308">
      <class name="testCases.checkout.TC_CO_001NavigatingToCheckoutWithNoProductsInCart">
        <test-method is-config="true" signature="setUp(java.lang.String,java.lang.String)[pri:0, instance:testCases.checkout.TC_CO_001NavigatingToCheckoutWithNoProductsInCart@691939c9]" started-at="2025-01-18T20:33:36 PST" name="setUp" finished-at="2025-01-18T20:33:40 PST" duration-ms="4535" status="PASS">
          <params>
            <param index="0">
              <value>
                <![CDATA[windows]]>
              </value>
            </param>
            <param index="1">
              <value>
                <![CDATA[edge]]>
              </value>
            </param>
          </params>
          <reporter-output>
          </reporter-output>
        </test-method> <!-- setUp -->
        <test-method signature="NavigatingToCheckoutWithNoProductsInCart()[pri:0, instance:testCases.checkout.TC_CO_001NavigatingToCheckoutWithNoProductsInCart@691939c9]" started-at="2025-01-18T20:33:40 PST" name="NavigatingToCheckoutWithNoProductsInCart" description="Validate navigating to Checkout page when there are no products added to the Shopping Cart" finished-at="2025-01-18T20:33:41 PST" duration-ms="521" status="PASS">
          <reporter-output>
          </reporter-output>
        </test-method> <!-- NavigatingToCheckoutWithNoProductsInCart -->
        <test-method is-config="true" signature="tearDown()[pri:0, instance:testCases.checkout.TC_CO_001NavigatingToCheckoutWithNoProductsInCart@691939c9]" started-at="2025-01-18T20:33:41 PST" name="tearDown" finished-at="2025-01-18T20:33:42 PST" duration-ms="1302" status="PASS">
          <reporter-output>
          </reporter-output>
        </test-method> <!-- tearDown -->
      </class> <!-- testCases.checkout.TC_CO_001NavigatingToCheckoutWithNoProductsInCart -->
      <class name="testCases.user.CT002_LoginTest">
        <test-method is-config="true" signature="setUp(java.lang.String,java.lang.String)[pri:0, instance:testCases.user.CT002_LoginTest@1941a8ff]" started-at="2025-01-18T20:32:04 PST" name="setUp" finished-at="2025-01-18T20:32:09 PST" duration-ms="4703" status="PASS">
          <params>
            <param index="0">
              <value>
                <![CDATA[windows]]>
              </value>
            </param>
            <param index="1">
              <value>
                <![CDATA[edge]]>
              </value>
            </param>
          </params>
          <reporter-output>
          </reporter-output>
        </test-method> <!-- setUp -->
        <test-method signature="testLogin()[pri:0, instance:testCases.user.CT002_LoginTest@1941a8ff]" started-at="2025-01-18T20:32:09 PST" name="testLogin" finished-at="2025-01-18T20:32:11 PST" duration-ms="1827" status="PASS">
          <reporter-output>
          </reporter-output>
        </test-method> <!-- testLogin -->
        <test-method is-config="true" signature="tearDown()[pri:0, instance:testCases.user.CT002_LoginTest@1941a8ff]" started-at="2025-01-18T20:32:11 PST" name="tearDown" finished-at="2025-01-18T20:32:12 PST" duration-ms="1330" status="PASS">
          <reporter-output>
          </reporter-output>
        </test-method> <!-- tearDown -->
      </class> <!-- testCases.user.CT002_LoginTest -->
      <class name="testCases.user.CT006_LogOutTest">
        <test-method is-config="true" signature="setUp(java.lang.String,java.lang.String)[pri:0, instance:testCases.user.CT006_LogOutTest@2c1156a7]" started-at="2025-01-18T20:33:11 PST" name="setUp" finished-at="2025-01-18T20:33:16 PST" duration-ms="4428" status="PASS">
          <params>
            <param index="0">
              <value>
                <![CDATA[windows]]>
              </value>
            </param>
            <param index="1">
              <value>
                <![CDATA[edge]]>
              </value>
            </param>
          </params>
          <reporter-output>
          </reporter-output>
        </test-method> <!-- setUp -->
        <test-method signature="LogOutFromMyAccount()[pri:0, instance:testCases.user.CT006_LogOutTest@2c1156a7]" started-at="2025-01-18T20:33:16 PST" name="LogOutFromMyAccount" description="Validate Logging out by selecting Logout option from &#039;My Account&#039; dropmenu" finished-at="2025-01-18T20:33:18 PST" duration-ms="2461" status="PASS">
          <reporter-output>
          </reporter-output>
        </test-method> <!-- LogOutFromMyAccount -->
        <test-method is-config="true" signature="tearDown()[pri:0, instance:testCases.user.CT006_LogOutTest@2c1156a7]" started-at="2025-01-18T20:33:18 PST" name="tearDown" finished-at="2025-01-18T20:33:19 PST" duration-ms="1320" status="PASS">
          <reporter-output>
          </reporter-output>
        </test-method> <!-- tearDown -->
      </class> <!-- testCases.user.CT006_LogOutTest -->
      <class name="testCases.user.CT005_LoginWithInvalidCredentials">
        <test-method is-config="true" signature="setUp(java.lang.String,java.lang.String)[pri:0, instance:testCases.user.CT005_LoginWithInvalidCredentials@38831718]" started-at="2025-01-18T20:33:04 PST" name="setUp" finished-at="2025-01-18T20:33:08 PST" duration-ms="4415" status="PASS">
          <params>
            <param index="0">
              <value>
                <![CDATA[windows]]>
              </value>
            </param>
            <param index="1">
              <value>
                <![CDATA[edge]]>
              </value>
            </param>
          </params>
          <reporter-output>
          </reporter-output>
        </test-method> <!-- setUp -->
        <test-method signature="LoginWithInvalidCredentials()[pri:0, instance:testCases.user.CT005_LoginWithInvalidCredentials@38831718]" started-at="2025-01-18T20:33:08 PST" name="LoginWithInvalidCredentials" description="Validate login into the Application using invalid credentials" finished-at="2025-01-18T20:33:10 PST" duration-ms="1650" status="PASS">
          <reporter-output>
          </reporter-output>
        </test-method> <!-- LoginWithInvalidCredentials -->
        <test-method is-config="true" signature="tearDown()[pri:0, instance:testCases.user.CT005_LoginWithInvalidCredentials@38831718]" started-at="2025-01-18T20:33:10 PST" name="tearDown" finished-at="2025-01-18T20:33:11 PST" duration-ms="1343" status="PASS">
          <reporter-output>
          </reporter-output>
        </test-method> <!-- tearDown -->
      </class> <!-- testCases.user.CT005_LoginWithInvalidCredentials -->
      <class name="testCases.cart.TC_ATC_001_AddProductToCartFromProductPage">
        <test-method is-config="true" signature="setUp(java.lang.String,java.lang.String)[pri:0, instance:testCases.cart.TC_ATC_001_AddProductToCartFromProductPage@e19bb76]" started-at="2025-01-18T20:33:51 PST" name="setUp" finished-at="2025-01-18T20:33:56 PST" duration-ms="4873" status="PASS">
          <params>
            <param index="0">
              <value>
                <![CDATA[windows]]>
              </value>
            </param>
            <param index="1">
              <value>
                <![CDATA[edge]]>
              </value>
            </param>
          </params>
          <reporter-output>
          </reporter-output>
        </test-method> <!-- setUp -->
        <test-method signature="AddProductToCartFromProductPage()[pri:0, instance:testCases.cart.TC_ATC_001_AddProductToCartFromProductPage@e19bb76]" started-at="2025-01-18T20:33:56 PST" name="AddProductToCartFromProductPage" description="Validate adding the product to Cart from &#039;Product Display&#039; Page" finished-at="2025-01-18T20:33:58 PST" duration-ms="2191" status="PASS">
          <reporter-output>
          </reporter-output>
        </test-method> <!-- AddProductToCartFromProductPage -->
        <test-method is-config="true" signature="tearDown()[pri:0, instance:testCases.cart.TC_ATC_001_AddProductToCartFromProductPage@e19bb76]" started-at="2025-01-18T20:33:58 PST" name="tearDown" finished-at="2025-01-18T20:33:59 PST" duration-ms="1324" status="PASS">
          <reporter-output>
          </reporter-output>
        </test-method> <!-- tearDown -->
      </class> <!-- testCases.cart.TC_ATC_001_AddProductToCartFromProductPage -->
      <class name="testCases.user.CT003_LoginDDT">
        <test-method is-config="true" signature="setUp(java.lang.String,java.lang.String)[pri:0, instance:testCases.user.CT003_LoginDDT@22d7b4f8]" started-at="2025-01-18T20:32:12 PST" name="setUp" finished-at="2025-01-18T20:32:17 PST" duration-ms="4684" status="PASS">
          <params>
            <param index="0">
              <value>
                <![CDATA[windows]]>
              </value>
            </param>
            <param index="1">
              <value>
                <![CDATA[edge]]>
              </value>
            </param>
          </params>
          <reporter-output>
          </reporter-output>
        </test-method> <!-- setUp -->
        <test-method signature="verify_loginDDT(java.lang.String,java.lang.String,java.lang.String)[pri:0, instance:testCases.user.CT003_LoginDDT@22d7b4f8]" started-at="2025-01-18T20:32:18 PST" name="verify_loginDDT" data-provider="LoginData" finished-at="2025-01-18T20:32:20 PST" duration-ms="1604" status="PASS">
          <params>
            <param index="0">
              <value>
                <![CDATA[liut44194@gmail.com]]>
              </value>
            </param>
            <param index="1">
              <value>
                <![CDATA[test@123]]>
              </value>
            </param>
            <param index="2">
              <value>
                <![CDATA[Valid]]>
              </value>
            </param>
          </params>
          <reporter-output>
          </reporter-output>
        </test-method> <!-- verify_loginDDT -->
        <test-method signature="verify_loginDDT(java.lang.String,java.lang.String,java.lang.String)[pri:0, instance:testCases.user.CT003_LoginDDT@22d7b4f8]" started-at="2025-01-18T20:32:20 PST" name="verify_loginDDT" data-provider="LoginData" finished-at="2025-01-18T20:32:31 PST" duration-ms="10918" status="PASS">
          <params>
            <param index="0">
              <value>
                <![CDATA[liu@gmail.com]]>
              </value>
            </param>
            <param index="1">
              <value>
                <![CDATA[l4222]]>
              </value>
            </param>
            <param index="2">
              <value>
                <![CDATA[Invalid]]>
              </value>
            </param>
          </params>
          <reporter-output>
          </reporter-output>
        </test-method> <!-- verify_loginDDT -->
        <test-method signature="verify_loginDDT(java.lang.String,java.lang.String,java.lang.String)[pri:0, instance:testCases.user.CT003_LoginDDT@22d7b4f8]" started-at="2025-01-18T20:32:31 PST" name="verify_loginDDT" data-provider="LoginData" finished-at="2025-01-18T20:32:42 PST" duration-ms="11207" status="PASS">
          <params>
            <param index="0">
              <value>
                <![CDATA[wew@yahoo.com]]>
              </value>
            </param>
            <param index="1">
              <value>
                <![CDATA[wewq@123]]>
              </value>
            </param>
            <param index="2">
              <value>
                <![CDATA[Invalid]]>
              </value>
            </param>
          </params>
          <reporter-output>
          </reporter-output>
        </test-method> <!-- verify_loginDDT -->
        <test-method signature="verify_loginDDT(java.lang.String,java.lang.String,java.lang.String)[pri:0, instance:testCases.user.CT003_LoginDDT@22d7b4f8]" started-at="2025-01-18T20:32:42 PST" name="verify_loginDDT" data-provider="LoginData" finished-at="2025-01-18T20:32:53 PST" duration-ms="11148" status="FAIL">
          <params>
            <param index="0">
              <value>
                <![CDATA[abc123@gmail.com]]>
              </value>
            </param>
            <param index="1">
              <value>
                <![CDATA[test@123]]>
              </value>
            </param>
            <param index="2">
              <value>
                <![CDATA[Valid]]>
              </value>
            </param>
          </params>
          <exception class="java.lang.AssertionError">
            <message>
              <![CDATA[expected [true] but found [false]]]>
            </message>
            <full-stacktrace>
              <![CDATA[java.lang.AssertionError: expected [true] but found [false]
at org.testng.Assert.fail(Assert.java:111)
at org.testng.Assert.failNotEquals(Assert.java:1578)
at org.testng.Assert.assertTrue(Assert.java:57)
at org.testng.Assert.assertTrue(Assert.java:67)
at testCases.user.CT003_LoginDDT.verify_loginDDT(CT003_LoginDDT.java:47)
at java.base/jdk.internal.reflect.DirectMethodHandleAccessor.invoke(DirectMethodHandleAccessor.java:103)
at java.base/java.lang.reflect.Method.invoke(Method.java:580)
at org.testng.internal.invokers.MethodInvocationHelper.invokeMethod(MethodInvocationHelper.java:141)
at org.testng.internal.invokers.TestInvoker.invokeMethod(TestInvoker.java:686)
at org.testng.internal.invokers.TestInvoker.invokeTestMethod(TestInvoker.java:230)
at org.testng.internal.invokers.MethodRunner.runInSequence(MethodRunner.java:63)
at org.testng.internal.invokers.TestInvoker$MethodInvocationAgent.invoke(TestInvoker.java:992)
at org.testng.internal.invokers.TestInvoker.invokeTestMethods(TestInvoker.java:203)
at org.testng.internal.invokers.TestMethodWorker.invokeTestMethods(TestMethodWorker.java:154)
at org.testng.internal.invokers.TestMethodWorker.run(TestMethodWorker.java:134)
at java.base/java.util.ArrayList.forEach(ArrayList.java:1597)
at org.testng.TestRunner.privateRun(TestRunner.java:739)
at org.testng.TestRunner.run(TestRunner.java:614)
at org.testng.SuiteRunner.runTest(SuiteRunner.java:421)
at org.testng.SuiteRunner.runSequentially(SuiteRunner.java:413)
at org.testng.SuiteRunner.privateRun(SuiteRunner.java:373)
at org.testng.SuiteRunner.run(SuiteRunner.java:312)
at org.testng.SuiteRunnerWorker.runSuite(SuiteRunnerWorker.java:52)
at org.testng.SuiteRunnerWorker.run(SuiteRunnerWorker.java:95)
at org.testng.TestNG.runSuitesSequentially(TestNG.java:1274)
at org.testng.TestNG.runSuitesLocally(TestNG.java:1208)
at org.testng.TestNG.runSuites(TestNG.java:1112)
at org.testng.TestNG.run(TestNG.java:1079)
at org.testng.remote.AbstractRemoteTestNG.run(AbstractRemoteTestNG.java:115)
at org.testng.remote.RemoteTestNG.initAndRun(RemoteTestNG.java:293)
at org.testng.remote.RemoteTestNG.main(RemoteTestNG.java:91)
]]>
            </full-stacktrace>
          </exception> <!-- java.lang.AssertionError -->
          <reporter-output>
          </reporter-output>
        </test-method> <!-- verify_loginDDT -->
        <test-method is-config="true" signature="tearDown()[pri:0, instance:testCases.user.CT003_LoginDDT@22d7b4f8]" started-at="2025-01-18T20:32:53 PST" name="tearDown" finished-at="2025-01-18T20:32:55 PST" duration-ms="1361" status="PASS">
          <reporter-output>
          </reporter-output>
        </test-method> <!-- tearDown -->
      </class> <!-- testCases.user.CT003_LoginDDT -->
      <class name="testCases.order.TC_OH_007_ValidateContinueButtonInOrderHistory">
        <test-method is-config="true" signature="setUp(java.lang.String,java.lang.String)[pri:0, instance:testCases.order.TC_OH_007_ValidateContinueButtonInOrderHistory@4f1bfe23]" started-at="2025-01-18T20:33:42 PST" name="setUp" finished-at="2025-01-18T20:33:47 PST" duration-ms="5119" status="PASS">
          <params>
            <param index="0">
              <value>
                <![CDATA[windows]]>
              </value>
            </param>
            <param index="1">
              <value>
                <![CDATA[edge]]>
              </value>
            </param>
          </params>
          <reporter-output>
          </reporter-output>
        </test-method> <!-- setUp -->
        <test-method signature="ValidateContinueButtonInOrderHistory()[pri:0, instance:testCases.order.TC_OH_007_ValidateContinueButtonInOrderHistory@4f1bfe23]" started-at="2025-01-18T20:33:47 PST" name="ValidateContinueButtonInOrderHistory" description="Validate Continue button in the &#039;Order History&#039; page" finished-at="2025-01-18T20:33:50 PST" duration-ms="2334" status="PASS">
          <reporter-output>
          </reporter-output>
        </test-method> <!-- ValidateContinueButtonInOrderHistory -->
        <test-method is-config="true" signature="tearDown()[pri:0, instance:testCases.order.TC_OH_007_ValidateContinueButtonInOrderHistory@4f1bfe23]" started-at="2025-01-18T20:33:50 PST" name="tearDown" finished-at="2025-01-18T20:33:51 PST" duration-ms="1315" status="PASS">
          <reporter-output>
          </reporter-output>
        </test-method> <!-- tearDown -->
      </class> <!-- testCases.order.TC_OH_007_ValidateContinueButtonInOrderHistory -->
      <class name="testCases.user.CT001_AccountRegistrationTest">
        <test-method is-config="true" signature="setUp(java.lang.String,java.lang.String)[pri:0, instance:testCases.user.CT001_AccountRegistrationTest@6dee4f1b]" started-at="2025-01-18T20:31:52 PST" name="setUp" finished-at="2025-01-18T20:31:58 PST" duration-ms="6053" status="PASS">
          <params>
            <param index="0">
              <value>
                <![CDATA[windows]]>
              </value>
            </param>
            <param index="1">
              <value>
                <![CDATA[edge]]>
              </value>
            </param>
          </params>
          <reporter-output>
          </reporter-output>
        </test-method> <!-- setUp -->
        <test-method signature="testRegistration()[pri:0, instance:testCases.user.CT001_AccountRegistrationTest@6dee4f1b]" started-at="2025-01-18T20:31:58 PST" name="testRegistration" description="Veryfied registration with correct email and password" finished-at="2025-01-18T20:32:03 PST" duration-ms="4660" status="PASS">
          <reporter-output>
          </reporter-output>
        </test-method> <!-- testRegistration -->
        <test-method is-config="true" signature="tearDown()[pri:0, instance:testCases.user.CT001_AccountRegistrationTest@6dee4f1b]" started-at="2025-01-18T20:32:03 PST" name="tearDown" finished-at="2025-01-18T20:32:04 PST" duration-ms="1329" status="PASS">
          <reporter-output>
          </reporter-output>
        </test-method> <!-- tearDown -->
      </class> <!-- testCases.user.CT001_AccountRegistrationTest -->
      <class name="testCases.product.TC_SF_001_SearchingExistingProductName">
        <test-method is-config="true" signature="setUp(java.lang.String,java.lang.String)[pri:0, instance:testCases.product.TC_SF_001_SearchingExistingProductName@4982cc36]" started-at="2025-01-18T20:33:29 PST" name="setUp" finished-at="2025-01-18T20:33:34 PST" duration-ms="4568" status="PASS">
          <params>
            <param index="0">
              <value>
                <![CDATA[windows]]>
              </value>
            </param>
            <param index="1">
              <value>
                <![CDATA[edge]]>
              </value>
            </param>
          </params>
          <reporter-output>
          </reporter-output>
        </test-method> <!-- setUp -->
        <test-method signature="SearchingExistingProduct()[pri:0, instance:testCases.product.TC_SF_001_SearchingExistingProductName@4982cc36]" started-at="2025-01-18T20:33:34 PST" name="SearchingExistingProduct" description="Validate searching with an existing Product Name" finished-at="2025-01-18T20:33:35 PST" duration-ms="742" status="PASS">
          <reporter-output>
          </reporter-output>
        </test-method> <!-- SearchingExistingProduct -->
        <test-method is-config="true" signature="tearDown()[pri:0, instance:testCases.product.TC_SF_001_SearchingExistingProductName@4982cc36]" started-at="2025-01-18T20:33:35 PST" name="tearDown" finished-at="2025-01-18T20:33:36 PST" duration-ms="1321" status="PASS">
          <reporter-output>
          </reporter-output>
        </test-method> <!-- tearDown -->
      </class> <!-- testCases.product.TC_SF_001_SearchingExistingProductName -->
      <class name="testCases.user.CT007_ForgottenPasswordEmailIsSent">
        <test-method is-config="true" signature="setUp(java.lang.String,java.lang.String)[pri:0, instance:testCases.user.CT007_ForgottenPasswordEmailIsSent@33fe57a9]" started-at="2025-01-18T20:33:19 PST" name="setUp" finished-at="2025-01-18T20:33:24 PST" duration-ms="4603" status="PASS">
          <params>
            <param index="0">
              <value>
                <![CDATA[windows]]>
              </value>
            </param>
            <param index="1">
              <value>
                <![CDATA[edge]]>
              </value>
            </param>
          </params>
          <reporter-output>
          </reporter-output>
        </test-method> <!-- setUp -->
        <test-method signature="EmailIsSentResetingPassword()[pri:0, instance:testCases.user.CT007_ForgottenPasswordEmailIsSent@33fe57a9]" started-at="2025-01-18T20:33:24 PST" name="EmailIsSentResetingPassword" description="Validate an email is sent with the proper details on resetting the password" finished-at="2025-01-18T20:33:28 PST" duration-ms="3917" status="PASS">
          <reporter-output>
          </reporter-output>
        </test-method> <!-- EmailIsSentResetingPassword -->
        <test-method is-config="true" signature="tearDown()[pri:0, instance:testCases.user.CT007_ForgottenPasswordEmailIsSent@33fe57a9]" started-at="2025-01-18T20:33:28 PST" name="tearDown" finished-at="2025-01-18T20:33:29 PST" duration-ms="1291" status="PASS">
          <reporter-output>
          </reporter-output>
        </test-method> <!-- tearDown -->
      </class> <!-- testCases.user.CT007_ForgottenPasswordEmailIsSent -->
      <class name="testCases.user.CT004_DifferentWayNavigateToRegistrationPage">
        <test-method is-config="true" signature="setUp(java.lang.String,java.lang.String)[pri:0, instance:testCases.user.CT004_DifferentWayNavigateToRegistrationPage@149dd36b]" started-at="2025-01-18T20:32:55 PST" name="setUp" finished-at="2025-01-18T20:33:00 PST" duration-ms="5328" status="PASS">
          <params>
            <param index="0">
              <value>
                <![CDATA[windows]]>
              </value>
            </param>
            <param index="1">
              <value>
                <![CDATA[edge]]>
              </value>
            </param>
          </params>
          <reporter-output>
          </reporter-output>
        </test-method> <!-- setUp -->
        <test-method signature="NavigateToRegistrationPage()[pri:0, instance:testCases.user.CT004_DifferentWayNavigateToRegistrationPage@149dd36b]" started-at="2025-01-18T20:33:00 PST" name="NavigateToRegistrationPage" description="Verify user can navigate to the registration page from multiple paths" finished-at="2025-01-18T20:33:02 PST" duration-ms="2354" status="PASS">
          <reporter-output>
          </reporter-output>
        </test-method> <!-- NavigateToRegistrationPage -->
        <test-method is-config="true" signature="tearDown()[pri:0, instance:testCases.user.CT004_DifferentWayNavigateToRegistrationPage@149dd36b]" started-at="2025-01-18T20:33:02 PST" name="tearDown" finished-at="2025-01-18T20:33:04 PST" duration-ms="1321" status="PASS">
          <reporter-output>
          </reporter-output>
        </test-method> <!-- tearDown -->
      </class> <!-- testCases.user.CT004_DifferentWayNavigateToRegistrationPage -->
    </test> <!-- Test -->
  </suite> <!-- Suite -->
</testng-results>
